const form = document.getElementById("contactForm");

form.addEventListener("submit", async (event) => {
  event.preventDefault();

  const formData = {
    name: document.getElementById("name").value,
    email: document.getElementById("email").value,
    message: document.getElementById("message").value,
  };

  try {
    const response = await fetch("/.netlify/functions/send-email", {
      method: "POST",
      headers: {
        "Content-Type": "application/json",
      },
      body: JSON.stringify(formData),
    });

    const result = await response.json();
    console.log("Respuesta del servidor:", result);
  } catch (error) {
    console.error("Error al enviar el formulario:", error);
  }
});
